TN:
SF:/home/cloud/Desktop/pro-angular-6/28 - Using Animations/exampleApp/src/polyfills.ts
FNF:0
FNH:0
DA:46,1
DA:74,1
LF:2
LH:2
BRF:0
BRH:0
end_of_record
TN:
SF:/home/cloud/Desktop/pro-angular-6/28 - Using Animations/exampleApp/src/test.ts
FNF:0
FNH:0
DA:3,1
DA:4,1
DA:5,1
DA:13,1
DA:18,1
DA:20,1
LF:6
LH:6
BRF:0
BRH:0
end_of_record
TN:
SF:/home/cloud/Desktop/pro-angular-6/28 - Using Animations/exampleApp/src/app/model/product.model.ts
FN:1,(anonymous_0)
FN:3,Product
FNF:2
FNH:2
FNDA:1,(anonymous_0)
FNDA:39,Product
DA:1,1
DA:3,39
DA:4,39
DA:5,39
DA:6,39
DA:7,1
LF:6
LH:6
BRF:0
BRH:0
end_of_record
TN:
SF:/home/cloud/Desktop/pro-angular-6/28 - Using Animations/exampleApp/src/app/model/repository.model.ts
FN:7,(anonymous_2)
FN:11,Model
FN:9,(anonymous_4)
FN:12,(anonymous_5)
FN:15,(anonymous_6)
FN:19,(anonymous_7)
FN:20,(anonymous_8)
FN:23,(anonymous_9)
FN:24,(anonymous_10)
FN:33,(anonymous_11)
FN:34,(anonymous_12)
FN:43,(anonymous_13)
FN:46,(anonymous_14)
FN:48,(anonymous_15)
FN:50,(anonymous_16)
FN:56,(anonymous_17)
FN:57,(anonymous_18)
FN:58,(anonymous_19)
FNF:18
FNH:1
FNDA:1,(anonymous_2)
FNDA:0,Model
FNDA:0,(anonymous_4)
FNDA:0,(anonymous_5)
FNDA:0,(anonymous_6)
FNDA:0,(anonymous_7)
FNDA:0,(anonymous_8)
FNDA:0,(anonymous_9)
FNDA:0,(anonymous_10)
FNDA:0,(anonymous_11)
FNDA:0,(anonymous_12)
FNDA:0,(anonymous_13)
FNDA:0,(anonymous_14)
FNDA:0,(anonymous_15)
FNDA:0,(anonymous_16)
FNDA:0,(anonymous_17)
FNDA:0,(anonymous_18)
FNDA:0,(anonymous_19)
DA:1,1
DA:4,1
DA:7,1
DA:8,0
DA:9,0
DA:11,0
DA:12,0
DA:15,1
DA:16,0
DA:19,1
DA:20,0
DA:23,1
DA:24,0
DA:25,0
DA:26,0
DA:29,0
DA:33,1
DA:34,0
DA:35,0
DA:36,0
DA:39,0
DA:43,1
DA:44,0
DA:45,0
DA:46,0
DA:48,0
DA:49,0
DA:50,0
DA:51,0
DA:56,1
DA:57,0
DA:58,0
DA:59,0
DA:60,0
DA:64,1
LF:35
LH:10
BRDA:25,0,0,0
BRDA:25,0,1,0
BRDA:27,1,0,0
BRDA:27,1,1,0
BRDA:29,2,0,0
BRDA:29,2,1,0
BRDA:35,3,0,0
BRDA:35,3,1,0
BRDA:37,4,0,0
BRDA:37,4,1,0
BRDA:39,5,0,0
BRDA:39,5,1,0
BRDA:44,6,0,0
BRDA:44,6,1,0
BRDA:44,7,0,0
BRDA:44,7,1,0
BRDA:59,8,0,0
BRDA:59,8,1,0
BRF:18
BRH:0
end_of_record
TN:
SF:/home/cloud/Desktop/pro-angular-6/28 - Using Animations/exampleApp/src/app/model/rest.datasource.ts
FN:10,(anonymous_4)
FN:11,RestDataSource
FN:14,(anonymous_6)
FN:18,(anonymous_7)
FN:22,(anonymous_8)
FN:27,(anonymous_9)
FN:31,(anonymous_10)
FN:43,(anonymous_11)
FNF:8
FNH:1
FNDA:1,(anonymous_4)
FNDA:0,RestDataSource
FNDA:0,(anonymous_6)
FNDA:0,(anonymous_7)
FNDA:0,(anonymous_8)
FNDA:0,(anonymous_9)
FNDA:0,(anonymous_10)
FNDA:0,(anonymous_11)
DA:1,1
DA:2,1
DA:3,1
DA:5,1
DA:7,1
DA:10,1
DA:11,0
DA:12,0
DA:14,1
DA:15,0
DA:18,1
DA:19,0
DA:22,1
DA:23,0
DA:27,1
DA:28,0
DA:31,1
DA:34,0
DA:35,0
DA:36,0
DA:38,0
DA:44,0
DA:46,1
LF:23
LH:12
BRF:0
BRH:0
end_of_record
TN:
SF:/home/cloud/Desktop/pro-angular-6/28 - Using Animations/exampleApp/src/app/ondemand/first.component.ts
FN:9,(anonymous_2)
FN:10,FirstComponent
FN:14,(anonymous_4)
FN:15,(anonymous_5)
FN:20,(anonymous_6)
FNF:5
FNH:5
FNDA:1,(anonymous_2)
FNDA:3,FirstComponent
FNDA:13,(anonymous_4)
FNDA:39,(anonymous_5)
FNDA:2,(anonymous_6)
DA:1,1
DA:3,1
DA:9,1
DA:10,3
DA:11,3
DA:12,3
DA:14,13
DA:15,39
DA:20,2
DA:21,2
DA:23,1
LF:11
LH:11
BRF:0
BRH:0
end_of_record
